#
# There is insufficient memory for the Java Runtime Environment to continue.
# Native memory allocation (mmap) failed to map 13631488 bytes for Failed to commit area from 0x0000000083e00000 to 0x0000000084b00000 of length 13631488.
# Possible reasons:
#   The system is out of physical RAM or swap space
#   The process is running with CompressedOops enabled, and the Java Heap may be blocking the growth of the native heap
# Possible solutions:
#   Reduce memory load on the system
#   Increase physical memory or swap space
#   Check if swap backing store is full
#   Decrease Java heap size (-Xmx/-Xms)
#   Decrease number of Java threads
#   Decrease Java thread stack sizes (-Xss)
#   Set larger code cache with -XX:ReservedCodeCacheSize=
#   JVM is running with Unscaled Compressed Oops mode in which the Java heap is
#     placed in the first 4GB address space. The Java Heap base address is the
#     maximum limit for the native heap growth. Please use -XX:HeapBaseMinAddress
#     to set the Java Heap base and to place the Java Heap above 4GB virtual address.
# This output file may be truncated or incomplete.
#
#  Out of Memory Error (./src/hotspot/os/windows/os_windows.cpp:3301), pid=16296, tid=14360
#
# JRE version: OpenJDK Runtime Environment (11.0.11+9) (build 11.0.11+9-b60-7590822)
# Java VM: OpenJDK 64-Bit Server VM (11.0.11+9-b60-7590822, mixed mode, tiered, compressed oops, g1 gc, windows-amd64)
# No core dump will be written. Minidumps are not enabled by default on client versions of Windows
#

---------------  S U M M A R Y ------------

Command Line: --add-opens=java.base/java.util=ALL-UNNAMED --add-opens=java.base/java.lang=ALL-UNNAMED --add-opens=java.base/java.lang.invoke=ALL-UNNAMED --add-opens=java.base/java.util=ALL-UNNAMED --add-opens=java.prefs/java.util.prefs=ALL-UNNAMED --add-opens=java.prefs/java.util.prefs=ALL-UNNAMED --add-opens=java.base/java.nio.charset=ALL-UNNAMED --add-opens=java.base/java.net=ALL-UNNAMED --add-opens=java.base/java.util.concurrent.atomic=ALL-UNNAMED -Xmx2048m -Dfile.encoding=UTF-8 -Duser.country=US -Duser.language=en -Duser.variant org.gradle.launcher.daemon.bootstrap.GradleDaemon 7.2

Host: Intel(R) Celeron(R) N4020 CPU @ 1.10GHz, 2 cores, 3G,  Windows 10 , 64 bit Build 22000 (10.0.22000.434)
Time: Fri May 13 05:20:34 2022 Malay Peninsula Standard Time elapsed time: 11.401360 seconds (0d 0h 0m 11s)

---------------  T H R E A D  ---------------

Current thread (0x00000150e2b9a000):  VMThread "VM Thread" [stack: 0x0000001e03800000,0x0000001e03900000] [id=14360]

Stack: [0x0000001e03800000,0x0000001e03900000]
[error occurred during error reporting (printing stack bounds), id 0xc0000005, EXCEPTION_ACCESS_VIOLATION (0xc0000005) at pc=0x00000150cce30f3d]

Native frames: (J=compiled Java code, j=interpreted, Vv=VM code, C=native code)
V  [jvm.dll+0x5f214a]
V  [jvm.dll+0x726fb5]
V  [jvm.dll+0x7285cd]
V  [jvm.dll+0x728be5]
V  [jvm.dll+0x728b9b]
V  [jvm.dll+0x5f14e8]
V  [jvm.dll+0x5f1c78]
C  [ntdll.dll+0xa86ef]
C  [ntdll.dll+0x35aea]
C  [ntdll.dll+0xa76fe]
C  0x00000150cce30f3d

VM_Operation (0x0000001e04af7e00): CollectForMetadataAllocation, mode: safepoint, requested by thread 0x00000150e4b3b800


---------------  P R O C E S S  ---------------

Threads class SMR info:
_java_thread_list=0x00000150e4465410, length=23, elements={
0x00000150c932e000, 0x00000150e2ba1800, 0x00000150e2bae800, 0x00000150e2c03800,
0x00000150e2c05000, 0x00000150e2c06000, 0x00000150e2c07000, 0x00000150e2c0a800,
0x00000150e2c0e800, 0x00000150e356f000, 0x00000150e4d54000, 0x00000150e3942800,
0x00000150e4105800, 0x00000150e539e800, 0x00000150e45ec800, 0x00000150e4d04000,
0x00000150e4b3b800, 0x00000150e4b8a800, 0x00000150e34da800, 0x00000150e5580800,
0x00000150e5585800, 0x00000150e5586000, 0x00000150e5584000
}

Java Threads: ( => current thread )
  0x00000150c932e000 JavaThread "main" [_thread_blocked, id=14860, stack(0x0000001e03200000,0x0000001e03300000)]
  0x00000150e2ba1800 JavaThread "Reference Handler" daemon [_thread_blocked, id=15456, stack(0x0000001e03900000,0x0000001e03a00000)]
  0x00000150e2bae800 JavaThread "Finalizer" daemon [_thread_blocked, id=16712, stack(0x0000001e03a00000,0x0000001e03b00000)]
  0x00000150e2c03800 JavaThread "Signal Dispatcher" daemon [_thread_blocked, id=8920, stack(0x0000001e03b00000,0x0000001e03c00000)]
  0x00000150e2c05000 JavaThread "Attach Listener" daemon [_thread_blocked, id=6188, stack(0x0000001e03c00000,0x0000001e03d00000)]
  0x00000150e2c06000 JavaThread "Service Thread" daemon [_thread_blocked, id=20244, stack(0x0000001e03d00000,0x0000001e03e00000)]
  0x00000150e2c07000 JavaThread "C2 CompilerThread0" daemon [_thread_blocked, id=1180, stack(0x0000001e03e00000,0x0000001e03f00000)]
  0x00000150e2c0a800 JavaThread "C1 CompilerThread0" daemon [_thread_blocked, id=18644, stack(0x0000001e03f00000,0x0000001e04000000)]
  0x00000150e2c0e800 JavaThread "Sweeper thread" daemon [_thread_blocked, id=4472, stack(0x0000001e04000000,0x0000001e04100000)]
  0x00000150e356f000 JavaThread "Common-Cleaner" daemon [_thread_blocked, id=1380, stack(0x0000001e04100000,0x0000001e04200000)]
  0x00000150e4d54000 JavaThread "Daemon health stats" [_thread_blocked, id=18608, stack(0x0000001e04400000,0x0000001e04500000)]
  0x00000150e3942800 JavaThread "Incoming local TCP Connector on port 64796" [_thread_in_native, id=9876, stack(0x0000001e04500000,0x0000001e04600000)]
  0x00000150e4105800 JavaThread "Daemon" [_thread_blocked, id=11652, stack(0x0000001e04600000,0x0000001e04700000)]
  0x00000150e539e800 JavaThread "Daemon periodic checks" [_thread_blocked, id=16864, stack(0x0000001e04700000,0x0000001e04800000)]
  0x00000150e45ec800 JavaThread "Handler for socket connection from /127.0.0.1:64796 to /127.0.0.1:64797" [_thread_in_native, id=13052, stack(0x0000001e04800000,0x0000001e04900000)]
  0x00000150e4d04000 JavaThread "Cancel handler" [_thread_blocked, id=424, stack(0x0000001e04900000,0x0000001e04a00000)]
  0x00000150e4b3b800 JavaThread "Daemon worker" [_thread_blocked, id=18024, stack(0x0000001e04a00000,0x0000001e04b00000)]
  0x00000150e4b8a800 JavaThread "Asynchronous log dispatcher for DefaultDaemonConnection: socket connection from /127.0.0.1:64796 to /127.0.0.1:64797" [_thread_blocked, id=6132, stack(0x0000001e04b00000,0x0000001e04c00000)]
  0x00000150e34da800 JavaThread "Stdin handler" [_thread_blocked, id=6812, stack(0x0000001e04c00000,0x0000001e04d00000)]
  0x00000150e5580800 JavaThread "Daemon client event forwarder" [_thread_blocked, id=4800, stack(0x0000001e04d00000,0x0000001e04e00000)]
  0x00000150e5585800 JavaThread "Cache worker for journal cache (C:\Users\marij_mokoginta\.gradle\caches\journal-1)" [_thread_blocked, id=12332, stack(0x0000001e04e00000,0x0000001e04f00000)]
  0x00000150e5586000 JavaThread "File lock request listener" [_thread_in_native, id=18348, stack(0x0000001e04f00000,0x0000001e05000000)]
  0x00000150e5584000 JavaThread "Cache worker for file hash cache (C:\Users\marij_mokoginta\.gradle\caches\7.2\fileHashes)" [_thread_blocked, id=18920, stack(0x0000001e05000000,0x0000001e05100000)]

Other Threads:
=>0x00000150e2b9a000 VMThread "VM Thread" [stack: 0x0000001e03800000,0x0000001e03900000] [id=14360]
  0x00000150e3580800 WatcherThread [stack: 0x0000001e04200000,0x0000001e04300000] [id=9820]
  0x00000150c9345000 GCTaskThread "GC Thread#0" [stack: 0x0000001e03300000,0x0000001e03400000] [id=7484]
  0x00000150e3693000 GCTaskThread "GC Thread#1" [stack: 0x0000001e04300000,0x0000001e04400000] [id=14040]
  0x00000150c9379800 ConcurrentGCThread "G1 Main Marker" [stack: 0x0000001e03400000,0x0000001e03500000] [id=21600]
  0x00000150c937a800 ConcurrentGCThread "G1 Conc#0" [stack: 0x0000001e03500000,0x0000001e03600000] [id=22472]
  0x00000150c93ca000 ConcurrentGCThread "G1 Refine#0" [stack: 0x0000001e03600000,0x0000001e03700000] [id=21028]
  0x00000150c93cb000 ConcurrentGCThread "G1 Young RemSet Sampling" [stack: 0x0000001e03700000,0x0000001e03800000] [id=22100]

Threads with active compile tasks:

VM state:at safepoint (normal execution)

VM Mutex/Monitor currently owned by a thread:  ([mutex/lock_event])
[0x00000150c932b4c0] Threads_lock - owner thread: 0x00000150e2b9a000
[0x00000150c932b790] Heap_lock - owner thread: 0x00000150e4b3b800

Heap address: 0x0000000080000000, size: 2048 MB, Compressed Oops mode: 32-bit
Narrow klass base: 0x0000000000000000, Narrow klass shift: 3
Compressed class space size: 1073741824 Address: 0x0000000100000000

Heap:
 garbage-first heap   total 76800K, used 17370K [0x0000000080000000, 0x0000000100000000)
  region size 1024K, 2 young (2048K), 2 survivors (2048K)
 Metaspace       used 20706K, capacity 21102K, committed 21296K, reserved 1069056K
  class space    used 2529K, capacity 2658K, committed 2688K, reserved 1048576K
Heap Regions: E=young(eden), S=young(survivor), O=old, HS=humongous(starts), HC=humongous(continues), CS=collection set, F=free, A=archive, TAMS=top-at-mark-start (previous, next)
|   0|0x0000000080000000, 0x0000000080100000, 0x0000000080100000|100%| O|  |TAMS 0x0000000080000000, 0x0000000080100000| Untracked 
|   1|0x0000000080100000, 0x0000000080200000, 0x0000000080200000|100%| O|  |TAMS 0x0000000080100000, 0x0000000080200000| Untracked 
|   2|0x0000000080200000, 0x0000000080300000, 0x0000000080300000|100%| O|  |TAMS 0x0000000080200000, 0x0000000080300000| Untracked 
|   3|0x0000000080300000, 0x0000000080400000, 0x0000000080400000|100%| O|  |TAMS 0x0000000080300000, 0x0000000080400000| Untracked 
|   4|0x0000000080400000, 0x0000000080500000, 0x0000000080500000|100%|HS|  |TAMS 0x0000000080400000, 0x0000000080500000| Complete 
|   5|0x0000000080500000, 0x0000000080600000, 0x0000000080600000|100%|HC|  |TAMS 0x0000000080500000, 0x0000000080600000| Complete 
|   6|0x0000000080600000, 0x0000000080700000, 0x0000000080700000|100%|HC|  |TAMS 0x0000000080600000, 0x0000000080700000| Complete 
|   7|0x0000000080700000, 0x0000000080800000, 0x0000000080800000|100%| O|  |TAMS 0x0000000080700000, 0x0000000080800000| Untracked 
|   8|0x0000000080800000, 0x0000000080900000, 0x0000000080900000|100%| O|  |TAMS 0x0000000080800000, 0x0000000080900000| Untracked 
|   9|0x0000000080900000, 0x0000000080a00000, 0x0000000080a00000|100%| O|  |TAMS 0x0000000080900000, 0x0000000080a00000| Untracked 
|  10|0x0000000080a00000, 0x0000000080b00000, 0x0000000080b00000|100%| O|  |TAMS 0x0000000080a00000, 0x0000000080b00000| Untracked 
|  11|0x0000000080b00000, 0x0000000080c00000, 0x0000000080c00000|100%| O|  |TAMS 0x0000000080b00000, 0x0000000080c00000| Untracked 
|  12|0x0000000080c00000, 0x0000000080d00000, 0x0000000080d00000|100%| O|  |TAMS 0x0000000080c00000, 0x0000000080d00000| Untracked 
|  13|0x0000000080d00000, 0x0000000080e00000, 0x0000000080e00000|100%| O|  |TAMS 0x0000000080d00000, 0x0000000080e00000| Untracked 
|  14|0x0000000080e00000, 0x0000000080f00000, 0x0000000080f00000|100%| O|  |TAMS 0x0000000080e00000, 0x0000000080f00000| Untracked 
|  15|0x0000000080f00000, 0x0000000080f00000, 0x0000000081000000|  0%| F|  |TAMS 0x0000000080f00000, 0x0000000080f00000| Untracked 
|  16|0x0000000081000000, 0x0000000081000000, 0x0000000081100000|  0%| F|  |TAMS 0x0000000081000000, 0x0000000081000000| Untracked 
|  17|0x0000000081100000, 0x0000000081100000, 0x0000000081200000|  0%| F|  |TAMS 0x0000000081100000, 0x0000000081100000| Untracked 
|  18|0x0000000081200000, 0x0000000081200000, 0x0000000081300000|  0%| F|  |TAMS 0x0000000081200000, 0x0000000081200000| Untracked 
|  19|0x0000000081300000, 0x0000000081300000, 0x0000000081400000|  0%| F|  |TAMS 0x0000000081300000, 0x0000000081300000| Untracked 
|  20|0x0000000081400000, 0x0000000081400000, 0x0000000081500000|  0%| F|  |TAMS 0x0000000081400000, 0x0000000081400000| Untracked 
|  21|0x0000000081500000, 0x0000000081500000, 0x0000000081600000|  0%| F|  |TAMS 0x0000000081500000, 0x0000000081500000| Untracked 
|  22|0x0000000081600000, 0x0000000081600000, 0x0000000081700000|  0%| F|  |TAMS 0x0000000081600000, 0x0000000081600000| Untracked 
|  23|0x0000000081700000, 0x0000000081700000, 0x0000000081800000|  0%| F|  |TAMS 0x0000000081700000, 0x0000000081700000| Untracked 
|  24|0x0000000081800000, 0x0000000081800000, 0x0000000081900000|  0%| F|  |TAMS 0x0000000081800000, 0x0000000081800000| Untracked 
|  25|0x0000000081900000, 0x0000000081900000, 0x0000000081a00000|  0%| F|  |TAMS 0x0000000081900000, 0x0000000081900000| Untracked 
|  26|0x0000000081a00000, 0x0000000081a00000, 0x0000000081b00000|  0%| F|  |TAMS 0x0000000081a00000, 0x0000000081a00000| Untracked 
|  27|0x0000000081b00000, 0x0000000081b00000, 0x0000000081c00000|  0%| F|  |TAMS 0x0000000081b00000, 0x0000000081b00000| Untracked 
|  28|0x0000000081c00000, 0x0000000081c00000, 0x0000000081d00000|  0%| F|  |TAMS 0x0000000081c00000, 0x0000000081c00000| Untracked 
|  29|0x0000000081d00000, 0x0000000081d00000, 0x0000000081e00000|  0%| F|  |TAMS 0x0000000081d00000, 0x0000000081d00000| Untracked 
|  30|0x0000000081e00000, 0x0000000081e00000, 0x0000000081f00000|  0%| F|  |TAMS 0x0000000081e00000, 0x0000000081e00000| Untracked 
|  31|0x0000000081f00000, 0x0000000081f00000, 0x0000000082000000|  0%| F|  |TAMS 0x0000000081f00000, 0x0000000081f00000| Untracked 
|  32|0x0000000082000000, 0x0000000082000000, 0x0000000082100000|  0%| F|  |TAMS 0x0000000082000000, 0x0000000082000000| Untracked 
|  33|0x0000000082100000, 0x0000000082100000, 0x0000000082200000|  0%| F|  |TAMS 0x0000000082100000, 0x0000000082100000| Untracked 
|  34|0x0000000082200000, 0x0000000082200000, 0x0000000082300000|  0%| F|  |TAMS 0x0000000082200000, 0x0000000082200000| Untracked 
|  35|0x0000000082300000, 0x0000000082300000, 0x0000000082400000|  0%| F|  |TAMS 0x0000000082300000, 0x0000000082300000| Untracked 
|  36|0x0000000082400000, 0x0000000082400000, 0x0000000082500000|  0%| F|  |TAMS 0x0000000082400000, 0x0000000082400000| Untracked 
|  37|0x0000000082500000, 0x0000000082500000, 0x0000000082600000|  0%| F|  |TAMS 0x0000000082500000, 0x0000000082500000| Untracked 
|  38|0x0000000082600000, 0x0000000082600000, 0x0000000082700000|  0%| F|  |TAMS 0x0000000082600000, 0x0000000082600000| Untracked 
|  39|0x0000000082700000, 0x0000000082700000, 0x0000000082800000|  0%| F|  |TAMS 0x0000000082700000, 0x0000000082700000| Untracked 
|  40|0x0000000082800000, 0x0000000082800000, 0x0000000082900000|  0%| F|  |TAMS 0x0000000082800000, 0x0000000082800000| Untracked 
|  41|0x0000000082900000, 0x0000000082900000, 0x0000000082a00000|  0%| F|  |TAMS 0x0000000082900000, 0x0000000082900000| Untracked 
|  42|0x0000000082a00000, 0x0000000082af6990, 0x0000000082b00000| 96%| S|CS|TAMS 0x0000000082a00000, 0x0000000082a00000| Complete 
|  43|0x0000000082b00000, 0x0000000082c00000, 0x0000000082c00000|100%| S|CS|TAMS 0x0000000082b00000, 0x0000000082b00000| Complete 
|  44|0x0000000082c00000, 0x0000000082c00000, 0x0000000082d00000|  0%| F|  |TAMS 0x0000000082c00000, 0x0000000082c00000| Untracked 
|  45|0x0000000082d00000, 0x0000000082d00000, 0x0000000082e00000|  0%| F|  |TAMS 0x0000000082d00000, 0x0000000082d00000| Untracked 
|  46|0x0000000082e00000, 0x0000000082e00000, 0x0000000082f00000|  0%| F|  |TAMS 0x0000000082e00000, 0x0000000082e00000| Untracked 
|  47|0x0000000082f00000, 0x0000000082f00000, 0x0000000083000000|  0%| F|  |TAMS 0x0000000082f00000, 0x0000000082f00000| Untracked 
|  48|0x0000000083000000, 0x0000000083000000, 0x0000000083100000|  0%| F|  |TAMS 0x0000000083000000, 0x0000000083000000| Untracked 
|  49|0x0000000083100000, 0x0000000083100000, 0x0000000083200000|  0%| F|  |TAMS 0x0000000083100000, 0x0000000083100000| Untracked 
|  50|0x0000000083200000, 0x0000000083200000, 0x0000000083300000|  0%| F|  |TAMS 0x0000000083200000, 0x0000000083200000| Untracked 
|  51|0x0000000083300000, 0x0000000083300000, 0x0000000083400000|  0%| F|  |TAMS 0x0000000083300000, 0x0000000083300000| Untracked 
|  52|0x0000000083400000, 0x0000000083400000, 0x0000000083500000|  0%| F|  |TAMS 0x0000000083400000, 0x0000000083400000| Untracked 
|  53|0x0000000083500000, 0x0000000083500000, 0x0000000083600000|  0%| F|  |TAMS 0x0000000083500000, 0x0000000083500000| Untracked 
|  54|0x0000000083600000, 0x0000000083600000, 0x0000000083700000|  0%| F|  |TAMS 0x0000000083600000, 0x0000000083600000| Untracked 
|  55|0x0000000083700000, 0x0000000083700000, 0x0000000083800000|  0%| F|  |TAMS 0x0000000083700000, 0x0000000083700000| Untracked 
|  56|0x0000000083800000, 0x0000000083800000, 0x0000000083900000|  0%| F|  |TAMS 0x0000000083800000, 0x0000000083800000| Untracked 
|  57|0x0000000083900000, 0x0000000083900000, 0x0000000083a00000|  0%| F|  |TAMS 0x0000000083900000, 0x0000000083900000| Untracked 
|  58|0x0000000083a00000, 0x0000000083a00000, 0x0000000083b00000|  0%| F|  |TAMS 0x0000000083a00000, 0x0000000083a00000| Untracked 
|  59|0x0000000083b00000, 0x0000000083b00000, 0x0000000083c00000|  0%| F|  |TAMS 0x0000000083b00000, 0x0000000083b00000| Untracked 
|  60|0x0000000083c00000, 0x0000000083c00000, 0x0000000083d00000|  0%| F|  |TAMS 0x0000000083c00000, 0x0000000083c00000| Untracked 
|  61|0x0000000083d00000, 0x0000000083d00000, 0x0000000083e00000|  0%| F|  |TAMS 0x0000000083d00000, 0x0000000083d00000| Untracked 

Card table byte_map: [0x00000150dc230000,0x00000150dc630000] _byte_map_base: 0x00000150dbe30000

Marking Bits (Prev, Next): (CMBitMap*) 0x00000150c9370cb8, (CMBitMap*) 0x00000150c9370cf0
 Prev Bits: [0x00000150dca30000, 0x00000150dea30000)
 Next Bits: [0x00000150dea30000, 0x00000150e0a30000)

Polling page: 0x00000150c8b10000

Metaspace:

Usage:
  Non-class:     18.01 MB capacity,    17.75 MB ( 99%) used,   231.91 KB (  1%) free+waste,    35.06 KB ( <1%) overhead. 
      Class:      2.60 MB capacity,     2.47 MB ( 95%) used,   111.19 KB (  4%) free+waste,    17.13 KB ( <1%) overhead. 
       Both:     20.61 MB capacity,    20.22 MB ( 98%) used,   343.09 KB (  2%) free+waste,    52.19 KB ( <1%) overhead. 

Virtual space:
  Non-class space:       20.00 MB reserved,      18.17 MB ( 91%) committed 
      Class space:        1.00 GB reserved,       2.63 MB ( <1%) committed 
             Both:        1.02 GB reserved,      20.80 MB (  2%) committed 

Chunk freelists:
   Non-Class:  52.00 KB
       Class:  30.00 KB
        Both:  82.00 KB

MaxMetaspaceSize: 17179869184.00 GB
CompressedClassSpaceSize: 1.00 GB

CodeHeap 'non-profiled nmethods': size=120064Kb used=880Kb max_used=880Kb free=119183Kb
 bounds [0x00000150d48f0000, 0x00000150d4b60000, 0x00000150dbe30000]
CodeHeap 'profiled nmethods': size=120000Kb used=4314Kb max_used=4314Kb free=115685Kb
 bounds [0x00000150cd3c0000, 0x00000150cd800000, 0x00000150d48f0000]
CodeHeap 'non-nmethods': size=5696Kb used=1132Kb max_used=1154Kb free=4564Kb
 bounds [0x00000150cce30000, 0x00000150cd0a0000, 0x00000150cd3c0000]
 total_blobs=2462 nmethods=1990 adapters=384
 compilation: enabled
              stopped_count=0, restarted_count=0
 full_count=0

Compilation events (20 events):
Event: 10.527 Thread 0x00000150e2c0a800 nmethod 1984 0x00000150d49c7810 code [0x00000150d49c79c0, 0x00000150d49c7ab8]
Event: 10.529 Thread 0x00000150e2c0a800 1986       3       jdk.internal.reflect.MethodAccessorImpl::<init> (5 bytes)
Event: 10.529 Thread 0x00000150e2c0a800 nmethod 1986 0x00000150cd7f1690 code [0x00000150cd7f1840, 0x00000150cd7f19f8]
Event: 10.529 Thread 0x00000150e2c0a800 1985       1       java.lang.reflect.Method::getMethodAccessor (5 bytes)
Event: 10.530 Thread 0x00000150e2c0a800 nmethod 1985 0x00000150d49c7b10 code [0x00000150d49c7cc0, 0x00000150d49c7d78]
Event: 10.530 Thread 0x00000150e2c0a800 1987       1       jdk.internal.reflect.NativeMethodAccessorImpl::setParent (6 bytes)
Event: 10.530 Thread 0x00000150e2c0a800 nmethod 1987 0x00000150d49c7e10 code [0x00000150d49c7fc0, 0x00000150d49c80b8]
Event: 10.774 Thread 0x00000150e2c07000 nmethod 1972 0x00000150d49c8110 code [0x00000150d49c83a0, 0x00000150d49cadc0]
Event: 10.869 Thread 0x00000150e2c0a800 1988       3       org.gradle.internal.file.FilePathUtil::sizeOfCommonPrefix (142 bytes)
Event: 10.872 Thread 0x00000150e2c0a800 nmethod 1988 0x00000150cd7f1b10 code [0x00000150cd7f1f60, 0x00000150cd7f4138]
Event: 10.872 Thread 0x00000150e2c0a800 1990       3       org.gradle.internal.file.DefaultFileHierarchySet$Node::sizeOfCommonPrefix (10 bytes)
Event: 10.872 Thread 0x00000150e2c0a800 nmethod 1990 0x00000150cd7f4e90 code [0x00000150cd7f5060, 0x00000150cd7f51e8]
Event: 10.872 Thread 0x00000150e2c0a800 1991       3       org.gradle.internal.file.FilePathUtil::sizeOfCommonPrefix (10 bytes)
Event: 10.872 Thread 0x00000150e2c0a800 nmethod 1991 0x00000150cd7f5310 code [0x00000150cd7f54c0, 0x00000150cd7f55c8]
Event: 10.872 Thread 0x00000150e2c0a800 1989       3       com.google.common.collect.AbstractIndexedListIterator::next (31 bytes)
Event: 10.873 Thread 0x00000150e2c0a800 nmethod 1989 0x00000150cd7f5690 code [0x00000150cd7f5880, 0x00000150cd7f5bf8]
Event: 10.890 Thread 0x00000150e2c0a800 1992       3       sun.nio.cs.UTF_8$Decoder::decodeLoop (28 bytes)
Event: 10.891 Thread 0x00000150e2c0a800 nmethod 1992 0x00000150cd7f5d10 code [0x00000150cd7f5f00, 0x00000150cd7f62d8]
Event: 11.349 Thread 0x00000150e2c0a800 1993       3       java.util.concurrent.locks.ReentrantLock::unlock (10 bytes)
Event: 11.349 Thread 0x00000150e2c0a800 nmethod 1993 0x00000150cd7f6410 code [0x00000150cd7f65e0, 0x00000150cd7f6918]

GC Heap History (11 events):
Event: 0.785 GC heap before
{Heap before GC invocations=0 (full 0):
 garbage-first heap   total 63488K, used 6144K [0x0000000080000000, 0x0000000100000000)
  region size 1024K, 7 young (7168K), 0 survivors (0K)
 Metaspace       used 6131K, capacity 6261K, committed 6528K, reserved 1056768K
  class space    used 536K, capacity 578K, committed 640K, reserved 1048576K
}
Event: 0.794 GC heap after
{Heap after GC invocations=1 (full 0):
 garbage-first heap   total 63488K, used 1416K [0x0000000080000000, 0x0000000100000000)
  region size 1024K, 1 young (1024K), 1 survivors (1024K)
 Metaspace       used 6131K, capacity 6261K, committed 6528K, reserved 1056768K
  class space    used 536K, capacity 578K, committed 640K, reserved 1048576K
}
Event: 3.154 GC heap before
{Heap before GC invocations=1 (full 0):
 garbage-first heap   total 63488K, used 43400K [0x0000000080000000, 0x0000000100000000)
  region size 1024K, 37 young (37888K), 1 survivors (1024K)
 Metaspace       used 10868K, capacity 11073K, committed 11264K, reserved 1058816K
  class space    used 1129K, capacity 1207K, committed 1280K, reserved 1048576K
}
Event: 3.167 GC heap after
{Heap after GC invocations=2 (full 0):
 garbage-first heap   total 63488K, used 9823K [0x0000000080000000, 0x0000000100000000)
  region size 1024K, 5 young (5120K), 5 survivors (5120K)
 Metaspace       used 10868K, capacity 11073K, committed 11264K, reserved 1058816K
  class space    used 1129K, capacity 1207K, committed 1280K, reserved 1048576K
}
Event: 3.708 GC heap before
{Heap before GC invocations=2 (full 0):
 garbage-first heap   total 63488K, used 23135K [0x0000000080000000, 0x0000000100000000)
  region size 1024K, 18 young (18432K), 5 survivors (5120K)
 Metaspace       used 10911K, capacity 11137K, committed 11264K, reserved 1058816K
  class space    used 1130K, capacity 1207K, committed 1280K, reserved 1048576K
}
Event: 3.721 GC heap after
{Heap after GC invocations=3 (full 0):
 garbage-first heap   total 63488K, used 12066K [0x0000000080000000, 0x0000000100000000)
  region size 1024K, 3 young (3072K), 3 survivors (3072K)
 Metaspace       used 10911K, capacity 11137K, committed 11264K, reserved 1058816K
  class space    used 1130K, capacity 1207K, committed 1280K, reserved 1048576K
}
Event: 5.113 GC heap before
{Heap before GC invocations=3 (full 0):
 garbage-first heap   total 63488K, used 34594K [0x0000000080000000, 0x0000000100000000)
  region size 1024K, 25 young (25600K), 3 survivors (3072K)
 Metaspace       used 13953K, capacity 14265K, committed 14464K, reserved 1062912K
  class space    used 1543K, capacity 1654K, committed 1664K, reserved 1048576K
}
Event: 5.120 GC heap after
{Heap after GC invocations=4 (full 0):
 garbage-first heap   total 63488K, used 15505K [0x0000000080000000, 0x0000000100000000)
  region size 1024K, 4 young (4096K), 4 survivors (4096K)
 Metaspace       used 13953K, capacity 14265K, committed 14464K, reserved 1062912K
  class space    used 1543K, capacity 1654K, committed 1664K, reserved 1048576K
}
Event: 8.799 GC heap before
{Heap before GC invocations=4 (full 0):
 garbage-first heap   total 63488K, used 39057K [0x0000000080000000, 0x0000000100000000)
  region size 1024K, 27 young (27648K), 4 survivors (4096K)
 Metaspace       used 18659K, capacity 19030K, committed 19328K, reserved 1067008K
  class space    used 2225K, capacity 2351K, committed 2432K, reserved 1048576K
}
Event: 8.824 GC heap after
{Heap after GC invocations=5 (full 0):
 garbage-first heap   total 63488K, used 16758K [0x0000000080000000, 0x0000000100000000)
  region size 1024K, 2 young (2048K), 2 survivors (2048K)
 Metaspace       used 18659K, capacity 19030K, committed 19328K, reserved 1067008K
  class space    used 2225K, capacity 2351K, committed 2432K, reserved 1048576K
}
Event: 11.386 GC heap before
{Heap before GC invocations=5 (full 0):
 garbage-first heap   total 63488K, used 34166K [0x0000000080000000, 0x0000000100000000)
  region size 1024K, 20 young (20480K), 2 survivors (2048K)
 Metaspace       used 20706K, capacity 21102K, committed 21296K, reserved 1069056K
  class space    used 2529K, capacity 2658K, committed 2688K, reserved 1048576K
}

Deoptimization events (20 events):
Event: 10.873 Thread 0x00000150e4b3b800 Uncommon trap: trap_request=0xffffff4d fr.pc=0x00000150d490abf8 relative=0x0000000000000958
Event: 10.873 Thread 0x00000150e4b3b800 Uncommon trap: reason=unstable_if action=reinterpret pc=0x00000150d490abf8 method=java.io.WinNTFileSystem.resolve(Ljava/lang/String;Ljava/lang/String;)Ljava/lang/String; @ 19 c2
Event: 10.873 Thread 0x00000150e4b3b800 DEOPT PACKING pc=0x00000150d490abf8 sp=0x0000001e04afadb0
Event: 10.873 Thread 0x00000150e4b3b800 DEOPT UNPACKING pc=0x00000150cce562a9 sp=0x0000001e04afad48 mode 2
Event: 10.875 Thread 0x00000150e4b3b800 Uncommon trap: trap_request=0xffffffc6 fr.pc=0x00000150d495bf24 relative=0x0000000000000084
Event: 10.875 Thread 0x00000150e4b3b800 Uncommon trap: reason=bimorphic_or_optimized_type_check action=maybe_recompile pc=0x00000150d495bf24 method=java.util.AbstractList$Itr.hasNext()Z @ 8 c2
Event: 10.875 Thread 0x00000150e4b3b800 DEOPT PACKING pc=0x00000150d495bf24 sp=0x0000001e04afa380
Event: 10.875 Thread 0x00000150e4b3b800 DEOPT UNPACKING pc=0x00000150cce562a9 sp=0x0000001e04afa318 mode 2
Event: 10.875 Thread 0x00000150e4b3b800 Uncommon trap: trap_request=0xffffffc6 fr.pc=0x00000150d495c2d4 relative=0x0000000000000114
Event: 10.875 Thread 0x00000150e4b3b800 Uncommon trap: reason=bimorphic_or_optimized_type_check action=maybe_recompile pc=0x00000150d495c2d4 method=java.util.AbstractList$Itr.next()Ljava/lang/Object; @ 14 c2
Event: 10.875 Thread 0x00000150e4b3b800 DEOPT PACKING pc=0x00000150d495c2d4 sp=0x0000001e04afa370
Event: 10.875 Thread 0x00000150e4b3b800 DEOPT UNPACKING pc=0x00000150cce562a9 sp=0x0000001e04afa308 mode 2
Event: 10.875 Thread 0x00000150e4b3b800 Uncommon trap: trap_request=0xffffff4d fr.pc=0x00000150d49594d8 relative=0x0000000000000598
Event: 10.875 Thread 0x00000150e4b3b800 Uncommon trap: reason=unstable_if action=reinterpret pc=0x00000150d49594d8 method=java.io.File.getName()Ljava/lang/String; @ 16 c2
Event: 10.875 Thread 0x00000150e4b3b800 DEOPT PACKING pc=0x00000150d49594d8 sp=0x0000001e04afad40
Event: 10.875 Thread 0x00000150e4b3b800 DEOPT UNPACKING pc=0x00000150cce562a9 sp=0x0000001e04afad10 mode 2
Event: 10.875 Thread 0x00000150e4b3b800 Uncommon trap: trap_request=0xffffff4d fr.pc=0x00000150d4958b60 relative=0x0000000000000420
Event: 10.875 Thread 0x00000150e4b3b800 Uncommon trap: reason=unstable_if action=reinterpret pc=0x00000150d4958b60 method=java.lang.String.substring(I)Ljava/lang/String; @ 34 c2
Event: 10.875 Thread 0x00000150e4b3b800 DEOPT PACKING pc=0x00000150d4958b60 sp=0x0000001e04afacc0
Event: 10.875 Thread 0x00000150e4b3b800 DEOPT UNPACKING pc=0x00000150cce562a9 sp=0x0000001e04afac98 mode 2

Classes redefined (0 events):
No events

Internal exceptions (20 events):
Event: 0.444 Thread 0x00000150c932e000 Exception <a 'java/lang/NoSuchMethodError'{0x0000000083bb50a0}: 'int java.lang.invoke.DirectMethodHandle$Holder.invokeSpecial(java.lang.Object, java.lang.Object, java.lang.Object, java.lang.Object)'> (0x0000000083bb50a0) thrown at [./src/hotspot/share/interpreter/linkResolver.cpp, line 773]
Event: 0.464 Thread 0x00000150c932e000 Exception <a 'java/lang/NoSuchMethodError'{0x0000000083bed520}: 'int java.lang.invoke.DirectMethodHandle$Holder.invokeSpecialIFC(java.lang.Object, java.lang.Object, int)'> (0x0000000083bed520) thrown at [./src/hotspot/share/interpreter/linkResolver.cpp, line 773]
Event: 1.326 Thread 0x00000150c932e000 Exception <a 'java/lang/NoClassDefFoundError'{0x00000000835dde28}: org/slf4j/impl/StaticMarkerBinder> (0x00000000835dde28) thrown at [./src/hotspot/share/classfile/systemDictionary.cpp, line 220]
Event: 1.467 Thread 0x00000150c932e000 Exception <a 'java/lang/NoSuchMethodError'{0x00000000832f64d8}: 'java.lang.Object java.lang.invoke.DirectMethodHandle$Holder.invokeVirtual(java.lang.Object, java.lang.Object, java.lang.Object, java.lang.Object, java.lang.Object, java.lang.Object, java.lang.Object)'> (0x00000000832f64d8) thrown at [./src/hotspot/share/interpreter/linkResolver.cpp, line 773]
Event: 1.471 Thread 0x00000150c932e000 Exception <a 'java/lang/NoSuchMethodError'{0x000000008310b528}: 'java.lang.Object java.lang.invoke.Invokers$Holder.invoker(java.lang.Object, java.lang.Object, java.lang.Object)'> (0x000000008310b528) thrown at [./src/hotspot/share/interpreter/linkResolver.cpp, line 773]
Event: 1.476 Thread 0x00000150c932e000 Exception <a 'java/lang/NoSuchMethodError'{0x000000008311c5a0}: 'void java.lang.invoke.DelegatingMethodHandle$Holder.delegate(java.lang.Object, java.lang.Object, int, java.lang.Object)'> (0x000000008311c5a0) thrown at [./src/hotspot/share/interpreter/linkResolver.cpp, line 773]
Event: 4.131 Thread 0x00000150c932e000 Exception <a 'java/security/PrivilegedActionException'{0x0000000083bc8930}> (0x0000000083bc8930) thrown at [./src/hotspot/share/prims/jvm.cpp, line 1306]
Event: 4.131 Thread 0x00000150c932e000 Exception <a 'java/security/PrivilegedActionException'{0x0000000083bc8ea8}> (0x0000000083bc8ea8) thrown at [./src/hotspot/share/prims/jvm.cpp, line 1306]
Event: 4.920 Thread 0x00000150c932e000 Exception <a 'java/lang/NoSuchMethodError'{0x00000000827a58c0}: 'java.lang.Object java.lang.invoke.DirectMethodHandle$Holder.invokeStaticInit(java.lang.Object, java.lang.Object, java.lang.Object)'> (0x00000000827a58c0) thrown at [./src/hotspot/share/interpreter/linkResolver.cpp, line 773]
Event: 5.454 Thread 0x00000150c932e000 Exception <a 'java/lang/NoSuchMethodError'{0x0000000083a9dba0}: 'java.lang.Object java.lang.invoke.DirectMethodHandle$Holder.invokeStaticInit(java.lang.Object, int, int, int, int)'> (0x0000000083a9dba0) thrown at [./src/hotspot/share/interpreter/linkResolver.cpp, line 773]
Event: 6.386 Thread 0x00000150c932e000 Exception <a 'java/lang/NoSuchMethodError'{0x000000008398eda8}: 'java.lang.Object java.lang.invoke.DirectMethodHandle$Holder.invokeStaticInit(java.lang.Object, java.lang.Object, int, int, int, int)'> (0x000000008398eda8) thrown at [./src/hotspot/share/interpreter/linkResolver.cpp, line 773]
Event: 8.154 Thread 0x00000150c932e000 Exception <a 'java/io/IOException'{0x000000008379cd78}> (0x000000008379cd78) thrown at [./src/hotspot/share/prims/jni.cpp, line 615]
Event: 8.385 Thread 0x00000150e4b3b800 Exception <a 'java/lang/NoSuchMethodError'{0x00000000833ee288}: 'void java.lang.invoke.DirectMethodHandle$Holder.invokeVirtual(java.lang.Object, java.lang.Object, java.lang.Object, java.lang.Object)'> (0x00000000833ee288) thrown at [./src/hotspot/share/interpreter/linkResolver.cpp, line 773]
Event: 8.391 Thread 0x00000150e4b3b800 Exception <a 'java/lang/NoSuchMethodError'{0x00000000833fd450}: 'void java.lang.invoke.DelegatingMethodHandle$Holder.reinvoke_L(java.lang.Object, java.lang.Object, java.lang.Object, java.lang.Object)'> (0x00000000833fd450) thrown at [./src/hotspot/share/interpreter/linkResolver.cpp, line 773]
Event: 8.400 Thread 0x00000150e4b3b800 Exception <a 'java/lang/NoSuchMethodError'{0x000000008322e6d0}: 'long java.lang.invoke.DirectMethodHandle$Holder.invokeInterface(java.lang.Object, java.lang.Object)'> (0x000000008322e6d0) thrown at [./src/hotspot/share/interpreter/linkResolver.cpp, line 773]
Event: 8.404 Thread 0x00000150e4b3b800 Exception <a 'java/lang/NoSuchMethodError'{0x00000000832518c8}: 'void java.lang.invoke.DelegatingMethodHandle$Holder.reinvoke_L(java.lang.Object, java.lang.Object, java.lang.Object, java.lang.Object, java.lang.Object, java.lang.Object, java.lang.Object)'> (0x00000000832518c8) thrown at [./src/hotspot/share/interpreter/linkResolver.cpp, line 773]
Event: 9.254 Thread 0x00000150e4b3b800 Exception <a 'java/lang/NoSuchMethodError'{0x0000000083161d70}: 'void java.lang.invoke.DirectMethodHandle$Holder.invokeStaticInit(java.lang.Object)'> (0x0000000083161d70) thrown at [./src/hotspot/share/interpreter/linkResolver.cpp, line 773]
Event: 10.252 Thread 0x00000150e4b3b800 Exception <a 'java/lang/NoSuchMethodError'{0x0000000082f8c198}: 'java.lang.Object java.lang.invoke.DirectMethodHandle$Holder.invokeStatic(java.lang.Object, java.lang.Object, java.lang.Object, int)'> (0x0000000082f8c198) thrown at [./src/hotspot/share/interpreter/linkResolver.cpp, line 773]
Event: 10.253 Thread 0x00000150e4b3b800 Exception <a 'java/lang/NoSuchMethodError'{0x0000000082f90608}: 'java.lang.Object java.lang.invoke.DirectMethodHandle$Holder.invokeSpecial(java.lang.Object, java.lang.Object, java.lang.Object, java.lang.Object, int)'> (0x0000000082f90608) thrown at [./src/hotspot/share/interpreter/linkResolver.cpp, line 773]
Event: 10.253 Thread 0x00000150e4b3b800 Exception <a 'java/lang/NoSuchMethodError'{0x0000000082f94298}: 'java.lang.Object java.lang.invoke.Invokers$Holder.linkToTargetMethod(java.lang.Object, java.lang.Object, int, java.lang.Object)'> (0x0000000082f94298) thrown at [./src/hotspot/share/interpreter/linkResolver.cpp, line 773]

Events (20 events):
Event: 10.901 loading class org/gradle/internal/snapshot/SnapshotHierarchy done
Event: 11.381 loading class org/gradle/internal/snapshot/ReadOnlyFileSystemNode
Event: 11.381 loading class org/gradle/internal/snapshot/ReadOnlyFileSystemNode done
Event: 11.382 loading class org/gradle/internal/vfs/impl/DefaultSnapshotHierarchy$1
Event: 11.382 loading class org/gradle/internal/vfs/impl/DefaultSnapshotHierarchy$1 done
Event: 11.382 loading class org/gradle/internal/vfs/impl/DefaultSnapshotHierarchy$EmptySnapshotHierarchy
Event: 11.382 loading class org/gradle/internal/vfs/impl/DefaultSnapshotHierarchy$EmptySnapshotHierarchy done
Event: 11.383 loading class org/gradle/internal/snapshot/ChildMap
Event: 11.383 loading class org/gradle/internal/snapshot/ChildMap done
Event: 11.383 loading class org/gradle/internal/snapshot/FileSystemNode
Event: 11.383 loading class org/gradle/internal/snapshot/FileSystemNode done
Event: 11.384 loading class org/gradle/cache/GlobalCacheLocations
Event: 11.384 loading class org/gradle/cache/GlobalCacheLocations done
Event: 11.384 loading class org/gradle/cache/GlobalCacheLocations
Event: 11.384 loading class org/gradle/cache/GlobalCacheLocations done
Event: 11.384 loading class org/gradle/internal/watch/registry/impl/WindowsFileWatcherRegistryFactory
Event: 11.384 loading class org/gradle/internal/watch/registry/impl/WindowsFileWatcherRegistryFactory done
Event: 11.385 loading class org/gradle/internal/watch/registry/impl/AbstractFileWatcherRegistryFactory
Event: 11.385 loading class org/gradle/internal/watch/registry/impl/AbstractFileWatcherRegistryFactory done
Event: 11.386 Executing VM operation: CollectForMetadataAllocation


Dynamic libraries:
0x00007ff6d71e0000 - 0x00007ff6d71ea000 	C:\Program Files\Android\Android Studio\jre\bin\java.exe
0x00007ffc24ca0000 - 0x00007ffc24ea9000 	C:\WINDOWS\SYSTEM32\ntdll.dll
0x00007ffc238b0000 - 0x00007ffc2396d000 	C:\WINDOWS\System32\KERNEL32.DLL
0x00007ffc227c0000 - 0x00007ffc22b34000 	C:\WINDOWS\System32\KERNELBASE.dll
0x00007ffc226a0000 - 0x00007ffc227b1000 	C:\WINDOWS\System32\ucrtbase.dll
0x00007ffc1ba10000 - 0x00007ffc1ba29000 	C:\Program Files\Android\Android Studio\jre\bin\jli.dll
0x00007ffc23650000 - 0x00007ffc237fc000 	C:\WINDOWS\System32\USER32.dll
0x00007ffc22500000 - 0x00007ffc22526000 	C:\WINDOWS\System32\win32u.dll
0x00007ffc24750000 - 0x00007ffc24779000 	C:\WINDOWS\System32\GDI32.dll
0x00007ffc222b0000 - 0x00007ffc223c2000 	C:\WINDOWS\System32\gdi32full.dll
0x00007ffc22190000 - 0x00007ffc2222d000 	C:\WINDOWS\System32\msvcp_win.dll
0x00007ffc144b0000 - 0x00007ffc144c7000 	C:\Program Files\Android\Android Studio\jre\bin\VCRUNTIME140.dll
0x00007ffc10af0000 - 0x00007ffc10d95000 	C:\WINDOWS\WinSxS\amd64_microsoft.windows.common-controls_6595b64144ccf1df_6.0.22000.120_none_9d947278b86cc467\COMCTL32.dll
0x00007ffc22e80000 - 0x00007ffc22f23000 	C:\WINDOWS\System32\msvcrt.dll
0x00007ffc23610000 - 0x00007ffc23641000 	C:\WINDOWS\System32\IMM32.DLL
0x00007ffc11720000 - 0x00007ffc117bd000 	C:\Program Files\Android\Android Studio\jre\bin\msvcp140.dll
0x00007ffbd4b30000 - 0x00007ffbd5605000 	C:\Program Files\Android\Android Studio\jre\bin\server\jvm.dll
0x00007ffc22f30000 - 0x00007ffc22fde000 	C:\WINDOWS\System32\ADVAPI32.dll
0x00007ffc234e0000 - 0x00007ffc2357e000 	C:\WINDOWS\System32\sechost.dll
0x00007ffc232e0000 - 0x00007ffc23400000 	C:\WINDOWS\System32\RPCRT4.dll
0x00007ffc22bd0000 - 0x00007ffc22bd8000 	C:\WINDOWS\System32\PSAPI.DLL
0x00007ffc11e50000 - 0x00007ffc11e59000 	C:\WINDOWS\SYSTEM32\WSOCK32.dll
0x00007ffc22b40000 - 0x00007ffc22baf000 	C:\WINDOWS\System32\WS2_32.dll
0x00007ffc14cd0000 - 0x00007ffc14cda000 	C:\WINDOWS\SYSTEM32\VERSION.dll
0x00007ffc19c90000 - 0x00007ffc19cc3000 	C:\WINDOWS\SYSTEM32\WINMM.dll
0x00007ffc21290000 - 0x00007ffc212a8000 	C:\WINDOWS\SYSTEM32\kernel.appcore.dll
0x00007ffc0df90000 - 0x00007ffc0dfa1000 	C:\Program Files\Android\Android Studio\jre\bin\verify.dll
0x00007ffc1fc60000 - 0x00007ffc1fe81000 	C:\WINDOWS\SYSTEM32\DBGHELP.DLL
0x00007ffc06310000 - 0x00007ffc06341000 	C:\WINDOWS\SYSTEM32\dbgcore.DLL
0x00007ffc22230000 - 0x00007ffc222af000 	C:\WINDOWS\System32\bcryptPrimitives.dll
0x00007ffbfb750000 - 0x00007ffbfb779000 	C:\Program Files\Android\Android Studio\jre\bin\java.dll
0x00007ffc11a50000 - 0x00007ffc11a5b000 	C:\Program Files\Android\Android Studio\jre\bin\jimage.dll
0x00007ffc0df70000 - 0x00007ffc0df88000 	C:\Program Files\Android\Android Studio\jre\bin\zip.dll
0x00007ffc23d80000 - 0x00007ffc2452e000 	C:\WINDOWS\System32\SHELL32.dll
0x00007ffc20300000 - 0x00007ffc20b68000 	C:\WINDOWS\SYSTEM32\windows.storage.dll
0x00007ffc23970000 - 0x00007ffc23ce8000 	C:\WINDOWS\System32\combase.dll
0x00007ffc20190000 - 0x00007ffc202f6000 	C:\WINDOWS\SYSTEM32\wintypes.dll
0x00007ffc22fe0000 - 0x00007ffc230ca000 	C:\WINDOWS\System32\SHCORE.dll
0x00007ffc24530000 - 0x00007ffc2458d000 	C:\WINDOWS\System32\shlwapi.dll
0x00007ffc220c0000 - 0x00007ffc220e1000 	C:\WINDOWS\SYSTEM32\profapi.dll
0x00007ffbf7780000 - 0x00007ffbf779a000 	C:\Program Files\Android\Android Studio\jre\bin\net.dll
0x00007ffc1a630000 - 0x00007ffc1a73c000 	C:\WINDOWS\SYSTEM32\WINHTTP.dll
0x00007ffc216c0000 - 0x00007ffc21727000 	C:\WINDOWS\system32\mswsock.dll
0x00007ffbf59f0000 - 0x00007ffbf5a04000 	C:\Program Files\Android\Android Studio\jre\bin\nio.dll
0x00007ffc13f10000 - 0x00007ffc13f37000 	C:\Users\marij_mokoginta\.gradle\native\e1d6ef7f7dcc3fd88c89a11ec53ec762bb8ba0a96d01ffa2cd45eb1d1d8dd5c5\windows-amd64\native-platform.dll
0x00007ffbee4c0000 - 0x00007ffbee604000 	C:\Users\marij_mokoginta\.gradle\native\5664cfc778a61ccfe75a443a1ab52a65af34e5dc3c78e0209fed803814484fcb\windows-amd64\native-platform-file-events.dll
0x00007ffc116e0000 - 0x00007ffc116ea000 	C:\Program Files\Android\Android Studio\jre\bin\management.dll
0x00007ffc11560000 - 0x00007ffc1156d000 	C:\Program Files\Android\Android Studio\jre\bin\management_ext.dll
0x00007ffc21970000 - 0x00007ffc21988000 	C:\WINDOWS\SYSTEM32\CRYPTSP.dll
0x00007ffc211f0000 - 0x00007ffc21225000 	C:\WINDOWS\system32\rsaenh.dll
0x00007ffc21820000 - 0x00007ffc21849000 	C:\WINDOWS\SYSTEM32\USERENV.dll
0x00007ffc21af0000 - 0x00007ffc21b17000 	C:\WINDOWS\SYSTEM32\bcrypt.dll
0x00007ffc21990000 - 0x00007ffc2199c000 	C:\WINDOWS\SYSTEM32\CRYPTBASE.dll
0x00007ffc20e00000 - 0x00007ffc20e2d000 	C:\WINDOWS\SYSTEM32\IPHLPAPI.DLL
0x00007ffc23cf0000 - 0x00007ffc23cf9000 	C:\WINDOWS\System32\NSI.dll
0x00007ffc1a570000 - 0x00007ffc1a589000 	C:\WINDOWS\SYSTEM32\dhcpcsvc6.DLL
0x00007ffc1a840000 - 0x00007ffc1a85e000 	C:\WINDOWS\SYSTEM32\dhcpcsvc.DLL
0x00007ffc20e80000 - 0x00007ffc20f67000 	C:\WINDOWS\SYSTEM32\DNSAPI.dll

dbghelp: loaded successfully - version: 4.0.5 - missing functions: none
symbol engine: initialized successfully - sym options: 0x614 - pdb path: .;C:\Program Files\Android\Android Studio\jre\bin;C:\WINDOWS\SYSTEM32;C:\WINDOWS\WinSxS\amd64_microsoft.windows.common-controls_6595b64144ccf1df_6.0.22000.120_none_9d947278b86cc467;C:\Program Files\Android\Android Studio\jre\bin\server;C:\Users\marij_mokoginta\.gradle\native\e1d6ef7f7dcc3fd88c89a11ec53ec762bb8ba0a96d01ffa2cd45eb1d1d8dd5c5\windows-amd64;C:\Users\marij_mokoginta\.gradle\native\5664cfc778a61ccfe75a443a1ab52a65af34e5dc3c78e0209fed803814484fcb\windows-amd64

VM Arguments:
jvm_args: --add-opens=java.base/java.util=ALL-UNNAMED --add-opens=java.base/java.lang=ALL-UNNAMED --add-opens=java.base/java.lang.invoke=ALL-UNNAMED --add-opens=java.base/java.util=ALL-UNNAMED --add-opens=java.prefs/java.util.prefs=ALL-UNNAMED --add-opens=java.prefs/java.util.prefs=ALL-UNNAMED --add-opens=java.base/java.nio.charset=ALL-UNNAMED --add-opens=java.base/java.net=ALL-UNNAMED --add-opens=java.base/java.util.concurrent.atomic=ALL-UNNAMED -Xmx2048m -Dfile.encoding=UTF-8 -Duser.country=US -Duser.language=en -Duser.variant 
java_command: org.gradle.launcher.daemon.bootstrap.GradleDaemon 7.2
java_class_path (initial): C:\Users\marij_mokoginta\.gradle\wrapper\dists\gradle-7.2-bin\2dnblmf4td7x66yl1d74lt32g\gradle-7.2\lib\gradle-launcher-7.2.jar
Launcher Type: SUN_STANDARD

[Global flags]
     intx CICompilerCount                          = 2                                         {product} {ergonomic}
     uint ConcGCThreads                            = 1                                         {product} {ergonomic}
     uint G1ConcRefinementThreads                  = 2                                         {product} {ergonomic}
   size_t G1HeapRegionSize                         = 1048576                                   {product} {ergonomic}
    uintx GCDrainStackTargetSize                   = 64                                        {product} {ergonomic}
   size_t InitialHeapSize                          = 65011712                                  {product} {ergonomic}
   size_t MarkStackSize                            = 4194304                                   {product} {ergonomic}
   size_t MaxHeapSize                              = 2147483648                                {product} {command line}
   size_t MaxNewSize                               = 1287651328                                {product} {ergonomic}
   size_t MinHeapDeltaBytes                        = 1048576                                   {product} {ergonomic}
    uintx NonNMethodCodeHeapSize                   = 5825164                                {pd product} {ergonomic}
    uintx NonProfiledCodeHeapSize                  = 122916538                              {pd product} {ergonomic}
    uintx ProfiledCodeHeapSize                     = 122916538                              {pd product} {ergonomic}
    uintx ReservedCodeCacheSize                    = 251658240                              {pd product} {ergonomic}
     bool SegmentedCodeCache                       = true                                      {product} {ergonomic}
     bool UseCompressedClassPointers               = true                                 {lp64_product} {ergonomic}
     bool UseCompressedOops                        = true                                 {lp64_product} {ergonomic}
     bool UseG1GC                                  = true                                      {product} {ergonomic}
     bool UseLargePagesIndividualAllocation        = false                                  {pd product} {ergonomic}

Logging:
Log output configuration:
 #0: stdout all=warning uptime,level,tags
 #1: stderr all=off uptime,level,tags

Environment Variables:
PATH=C:\Program Files\Common Files\Oracle\Java\javapath;C:\Program Files (x86)\Common Files\Oracle\Java\javapath;C:\WINDOWS\system32;C:\WINDOWS;C:\WINDOWS\System32\Wbem;C:\WINDOWS\System32\WindowsPowerShell\v1.0\;C:\WINDOWS\System32\OpenSSH\;C:\Program Files (x86)\apache-maven-3.8.4\bin;C:\Program Files\nodejs\;C:\Program Files\Git\cmd;C:\Users\marij_mokoginta\AppData\Local\Programs\Python\Python39\Scripts\;C:\Users\marij_mokoginta\AppData\Local\Programs\Python\Python39\;C:\Users\marij_mokoginta\AppData\Local\Microsoft\WindowsApps;C:\Users\marij_mokoginta\AppData\Local\Programs\Microsoft VS Code\bin;C:\Program Files\JetBrains\IntelliJ IDEA Community Edition 2021.2.1\bin;;C:\Users\marij_mokoginta\AppData\Local\GitHubDesktop\bin;C:\Program Files\JetBrains\IntelliJ IDEA 2021.2.3\bin;;C:\Program Files\heroku\bin;C:\Users\marij_mokoginta\AppData\Roaming\npm
USERNAME=marij_mokoginta
OS=Windows_NT
PROCESSOR_IDENTIFIER=Intel64 Family 6 Model 122 Stepping 8, GenuineIntel



---------------  S Y S T E M  ---------------

OS: Windows 10 , 64 bit Build 22000 (10.0.22000.434)
OS uptime: 6 days 10:16 hours

CPU:total 2 (initial active 2) (2 cores per cpu, 1 threads per core) family 6 model 122 stepping 8 microcode 0x18, cmov, cx8, fxsr, mmx, sse, sse2, sse3, ssse3, sse4.1, sse4.2, popcnt, aes, clmul, erms, 3dnowpref, tsc, tscinvbit, sha

Memory: 4k page, system-wide physical 3918M (272M free)
TotalPageFile size 15694M (AvailPageFile size 13M)
current process WorkingSet (physical memory assigned to process): 106M, peak: 123M
current process commit charge ("private bytes"): 168M, peak: 181M

vm_info: OpenJDK 64-Bit Server VM (11.0.11+9-b60-7590822) for windows-amd64 JRE (11.0.11+9-b60-7590822), built on Jul 29 2021 21:43:44 by "builder" with MS VC++ 14.0 (VS2015)

END.
